09:17:49:107  INFO 26656 --- [main] com.hmall.search.SearchApplication       : The following 1 profile is active: "local"
09:17:49:974  INFO 26656 --- [main] o.s.cloud.context.scope.GenericScope     : BeanFactory id=29e86dc7-86a8-3877-aca8-d5a450fec071
09:17:50:257  INFO 26656 --- [main] o.s.b.w.embedded.tomcat.TomcatWebServer  : Tomcat initialized with port(s): 8086 (http)
09:17:50:265  INFO 26656 --- [main] o.apache.catalina.core.StandardService   : Starting service [Tomcat]
09:17:50:266  INFO 26656 --- [main] org.apache.catalina.core.StandardEngine  : Starting Servlet engine: [Apache Tomcat/9.0.75]
09:17:50:430  INFO 26656 --- [main] o.a.c.c.C.[Tomcat].[localhost].[/]       : Initializing Spring embedded WebApplicationContext
09:17:50:430  INFO 26656 --- [main] w.s.c.ServletWebServerApplicationContext : Root WebApplicationContext: initialization completed in 1312 ms
09:17:50:857  INFO 26656 --- [main] o.s.c.openfeign.FeignClientFactoryBean   : For 'item-service' URL not provided. Will try picking an instance via load-balancing.
09:17:51:881  INFO 26656 --- [main] pertySourcedRequestMappingHandlerMapping : Mapped URL path [/v2/api-docs] onto method [springfox.documentation.swagger2.web.Swagger2ControllerWebMvc#getDocumentation(String, HttpServletRequest)]
09:17:52:631  INFO 26656 --- [main] com.alibaba.nacos.common.remote.client   : [RpcClientFactory] create a new rpc client of 704ba0b8-159c-458a-934c-43792104070b
09:17:52:631  INFO 26656 --- [main] com.alibaba.nacos.common.remote.client   : [704ba0b8-159c-458a-934c-43792104070b] RpcClient init label, labels = {module=naming, source=sdk}
09:17:52:633  INFO 26656 --- [main] com.alibaba.nacos.common.remote.client   : [704ba0b8-159c-458a-934c-43792104070b] RpcClient init, ServerListFactory = com.alibaba.nacos.client.naming.core.ServerListManager
09:17:52:633  INFO 26656 --- [main] com.alibaba.nacos.common.remote.client   : [704ba0b8-159c-458a-934c-43792104070b] Registry connection listener to current client:com.alibaba.nacos.client.naming.remote.gprc.redo.NamingGrpcRedoService
09:17:52:633  INFO 26656 --- [main] com.alibaba.nacos.common.remote.client   : [704ba0b8-159c-458a-934c-43792104070b] Register server push request handler:com.alibaba.nacos.client.naming.remote.gprc.NamingPushRequestHandler
09:17:52:633  INFO 26656 --- [main] com.alibaba.nacos.common.remote.client   : [704ba0b8-159c-458a-934c-43792104070b] Try to connect to server on start up, server: {serverIp = '192.168.12.168', server main port = 8848}
09:17:52:750  INFO 26656 --- [main] com.alibaba.nacos.common.remote.client   : [704ba0b8-159c-458a-934c-43792104070b] Success to connect to server [192.168.12.168:8848] on start up, connectionId = 1759195073413_192.168.12.1_4056
09:17:52:750  INFO 26656 --- [main] com.alibaba.nacos.common.remote.client   : [704ba0b8-159c-458a-934c-43792104070b] Register server push request handler:com.alibaba.nacos.common.remote.client.RpcClient$ConnectResetRequestHandler
09:17:52:750  INFO 26656 --- [main] com.alibaba.nacos.common.remote.client   : [704ba0b8-159c-458a-934c-43792104070b] Register server push request handler:com.alibaba.nacos.common.remote.client.RpcClient$$Lambda$474/0x000000080040a840
09:17:52:750  INFO 26656 --- [com.alibaba.nacos.client.remote.worker] com.alibaba.nacos.common.remote.client   : [704ba0b8-159c-458a-934c-43792104070b] Notify connected event to listeners.
09:17:52:789  INFO 26656 --- [main] o.s.b.w.embedded.tomcat.TomcatWebServer  : Tomcat started on port(s): 8086 (http) with context path ''
09:17:52:798  INFO 26656 --- [main] c.a.c.n.registry.NacosServiceRegistry    : nacos registry, DEFAULT_GROUP search-service 192.168.137.1:8086 register finished
09:17:53:209  INFO 26656 --- [main] d.s.w.p.DocumentationPluginsBootstrapper : Documentation plugins bootstrapped
09:17:53:212  INFO 26656 --- [main] d.s.w.p.DocumentationPluginsBootstrapper : Found 1 custom documentation plugin(s)
09:17:53:230  INFO 26656 --- [main] s.d.s.w.s.ApiListingReferenceScanner     : Scanning for api listing references
09:17:53:299  INFO 26656 --- [main] o.s.a.r.c.CachingConnectionFactory       : Attempting to connect to: [192.168.12.168:5672]
09:17:53:317  INFO 26656 --- [nacos-grpc-client-executor-6] com.alibaba.nacos.common.remote.client   : [704ba0b8-159c-458a-934c-43792104070b] Receive server push request, request = NotifySubscriberRequest, requestId = 246
09:17:53:320  INFO 26656 --- [nacos-grpc-client-executor-6] com.alibaba.nacos.common.remote.client   : [704ba0b8-159c-458a-934c-43792104070b] Ack server push request, request = NotifySubscriberRequest, requestId = 246
09:17:53:343  INFO 26656 --- [main] o.s.a.r.c.CachingConnectionFactory       : Created new connection: rabbitConnectionFactory#3f62d56:0/SimpleConnection@57df93c1 [delegate=amqp://hmall@192.168.12.168:5672//hmall, localPort= 4060]
09:17:53:401  INFO 26656 --- [main] com.hmall.search.SearchApplication       : Started SearchApplication in 9.938 seconds (JVM running for 12.126)
09:17:53:405  INFO 26656 --- [main] c.a.c.n.refresh.NacosContextRefresher    : [Nacos Config] Listening config: dataId=search-service, group=DEFAULT_GROUP
09:17:53:406  INFO 26656 --- [main] c.a.c.n.refresh.NacosContextRefresher    : [Nacos Config] Listening config: dataId=search-service.yaml, group=DEFAULT_GROUP
09:17:53:406  INFO 26656 --- [main] c.a.c.n.refresh.NacosContextRefresher    : [Nacos Config] Listening config: dataId=search-service-local.yaml, group=DEFAULT_GROUP
09:19:25:904  INFO 26656 --- [http-nio-8086-exec-2] o.a.c.c.C.[Tomcat].[localhost].[/]       : Initializing Spring DispatcherServlet 'dispatcherServlet'
09:19:25:905  INFO 26656 --- [http-nio-8086-exec-2] o.s.web.servlet.DispatcherServlet        : Initializing Servlet 'dispatcherServlet'
09:19:25:906  INFO 26656 --- [http-nio-8086-exec-2] o.s.web.servlet.DispatcherServlet        : Completed initialization in 1 ms
09:25:30:719  WARN 26656 --- [Thread-1] c.a.n.common.http.HttpClientBeanHolder   : [HttpClientBeanHolder] Start destroying common HttpClient
09:25:30:719  WARN 26656 --- [Thread-5] c.a.nacos.common.notify.NotifyCenter     : [NotifyCenter] Start destroying Publisher
09:25:30:719  WARN 26656 --- [Thread-5] c.a.nacos.common.notify.NotifyCenter     : [NotifyCenter] Destruction of the end
09:25:30:720  WARN 26656 --- [Thread-1] c.a.n.common.http.HttpClientBeanHolder   : [HttpClientBeanHolder] Destruction of the end
09:25:30:724  INFO 26656 --- [org.springframework.amqp.rabbit.RabbitListenerEndpointContainer#0-2] o.s.a.r.l.SimpleMessageListenerContainer : Waiting for workers to finish.
09:25:30:725  INFO 26656 --- [org.springframework.amqp.rabbit.RabbitListenerEndpointContainer#1-2] o.s.a.r.l.SimpleMessageListenerContainer : Waiting for workers to finish.
09:25:31:199  INFO 26656 --- [org.springframework.amqp.rabbit.RabbitListenerEndpointContainer#0-2] o.s.a.r.l.SimpleMessageListenerContainer : Successfully waited for workers to finish.
09:25:31:199  INFO 26656 --- [org.springframework.amqp.rabbit.RabbitListenerEndpointContainer#1-2] o.s.a.r.l.SimpleMessageListenerContainer : Successfully waited for workers to finish.
09:25:31:504  INFO 26656 --- [SpringApplicationShutdownHook] c.a.c.n.registry.NacosServiceRegistry    : De-registering from Nacos Server now...
09:25:31:507  INFO 26656 --- [SpringApplicationShutdownHook] c.a.c.n.registry.NacosServiceRegistry    : De-registration finished.
09:25:31:814  INFO 26656 --- [SpringApplicationShutdownHook] com.alibaba.nacos.common.remote.client   : Shutdown rpc client, set status to shutdown
09:25:31:814  INFO 26656 --- [SpringApplicationShutdownHook] com.alibaba.nacos.common.remote.client   : Shutdown client event executor java.util.concurrent.ScheduledThreadPoolExecutor@6935eb53[Running, pool size = 2, active threads = 2, queued tasks = 0, completed tasks = 0]
09:25:31:814  INFO 26656 --- [SpringApplicationShutdownHook] com.alibaba.nacos.common.remote.client   : Close current connection 1759195073413_192.168.12.1_4056
09:25:31:816  INFO 26656 --- [nacos-grpc-client-executor-101] c.a.n.c.remote.client.grpc.GrpcClient    : [1759195073413_192.168.12.1_4056]Ignore complete event,isRunning:false,isAbandon=false
09:25:31:819  INFO 26656 --- [SpringApplicationShutdownHook] c.a.n.c.remote.client.grpc.GrpcClient    : Shutdown grpc executor java.util.concurrent.ThreadPoolExecutor@46758ca2[Running, pool size = 5, active threads = 0, queued tasks = 0, completed tasks = 102]
09:25:31:823  INFO 26656 --- [SpringApplicationShutdownHook] o.s.a.r.l.SimpleMessageListenerContainer : Shutdown ignored - container is already stopped
09:25:31:823  INFO 26656 --- [SpringApplicationShutdownHook] o.s.a.r.l.SimpleMessageListenerContainer : Shutdown ignored - container is already stopped
